#
# A fatal error has been detected by the Java Runtime Environment:
#
#  EXCEPTION_ACCESS_VIOLATION (0xc0000005) at pc=0x6dad14e4, pid=4340, tid=4144
#
# JRE version: 7.0_03-b05
# Java VM: Java HotSpot(TM) Client VM (22.1-b02 mixed mode windows-x86 )
# Problematic frame:
# V  [jvm.dll+0x1614e4]
#
# Failed to write core dump. Minidumps are not enabled by default on client versions of Windows
#
# If you would like to submit a bug report, please visit:
#   http://bugreport.sun.com/bugreport/crash.jsp
#

---------------  T H R E A D  ---------------

Current thread (0x16d48400):  JavaThread "JDWP Transport Listener: dt_socket" daemon [_thread_in_vm, id=4144, stack(0x17010000,0x17060000)]

siginfo: ExceptionCode=0xc0000005, reading address 0x0000000c

Registers:
EAX=0x00000000, EBX=0x02a957e8, ECX=0x0000000c, EDX=0x00000000
ESP=0x1705fbc4, EBP=0x1705fbd0, ESI=0x0000000c, EDI=0x00000004
EIP=0x6dad14e4, EFLAGS=0x00010202

Top of Stack: (sp=0x1705fbc4)
0x1705fbc4:   16d48528 02a957e8 16d48400 1705fbe0
0x1705fbd4:   6d98fbc0 0000000c 00000004 1705fc08
0x1705fbe4:   6da10b13 02a957e8 16d48528 6d46e174
0x1705fbf4:   6d46e15c 16d48400 00000000 16d48528
0x1705fc04:   1705fccc 6d46e99c 6d4563b2 16d48528
0x1705fc14:   16c2029c 00000000 1705fc40 1705fccc
0x1705fc24:   16d75c88 1705fc7c 16c2029c 1705fc4c
0x1705fc34:   6d45bd12 1705fc4c 1705fc80 6d46e890 

Instructions: (pc=0x6dad14e4)
0x6dad14c4:   cc cc cc cc cc cc cc cc cc cc cc cc 55 8b ec 57
0x6dad14d4:   8b 7d 0c 33 c0 33 d2 85 ff 7e 2e 53 56 8b 75 08
0x6dad14e4:   0f b7 0c 56 8d 59 ff 66 83 fb 7e 77 03 40 eb 12
0x6dad14f4:   bb ff 07 00 00 66 3b cb 77 05 83 c0 02 eb 03 83 


Register to memory mapping:

EAX=0x00000000 is an unknown value
EBX=
[error occurred during error reporting (printing register info), id 0xc0000005]

Stack: [0x17010000,0x17060000],  sp=0x1705fbc4,  free space=318k
Native frames: (J=compiled Java code, j=interpreted, Vv=VM code, C=native code)
V  [jvm.dll+0x1614e4]
V  [jvm.dll+0x1fbc0]
V  [jvm.dll+0xa0b13]


---------------  P R O C E S S  ---------------

Java Threads: ( => current thread )
  0x16d57000 JavaThread "Service Thread" daemon [_thread_blocked, id=1236, stack(0x17150000,0x171a0000)]
  0x16d54400 JavaThread "C1 CompilerThread0" daemon [_thread_blocked, id=2368, stack(0x17100000,0x17150000)]
  0x16d4c800 JavaThread "JDWP Command Reader" daemon [_thread_in_native, id=2288, stack(0x170b0000,0x17100000)]
  0x16d4a800 JavaThread "JDWP Event Helper Thread" daemon [_thread_blocked, id=472, stack(0x17060000,0x170b0000)]
=>0x16d48400 JavaThread "JDWP Transport Listener: dt_socket" daemon [_thread_in_vm, id=4144, stack(0x17010000,0x17060000)]
  0x16d3c400 JavaThread "Attach Listener" daemon [_thread_blocked, id=4124, stack(0x16f70000,0x16fc0000)]
  0x16d3ac00 JavaThread "Signal Dispatcher" daemon [_thread_blocked, id=4044, stack(0x16f20000,0x16f70000)]
  0x16c12000 JavaThread "Finalizer" daemon [_thread_blocked, id=5872, stack(0x16cd0000,0x16d20000)]
  0x16c0cc00 JavaThread "Reference Handler" daemon [_thread_blocked, id=2532, stack(0x16c80000,0x16cd0000)]
  0x003c7800 JavaThread "main" [_thread_blocked, id=840, stack(0x00900000,0x00950000)]

Other Threads:
  0x16c07400 VMThread [stack: 0x16c30000,0x16c80000] [id=3260]
  0x16d6a000 WatcherThread [stack: 0x171a0000,0x171f0000] [id=5332]

VM state:not at safepoint (normal execution)

VM Mutex/Monitor currently owned by a thread: None

Heap
 def new generation   total 4928K, used 723K [0x029f0000, 0x02f40000, 0x07f40000)
  eden space 4416K,  16% used [0x029f0000, 0x02aa4c10, 0x02e40000)
  from space 512K,   0% used [0x02e40000, 0x02e40000, 0x02ec0000)
  to   space 512K,   0% used [0x02ec0000, 0x02ec0000, 0x02f40000)
 tenured generation   total 10944K, used 0K [0x07f40000, 0x089f0000, 0x129f0000)
   the space 10944K,   0% used [0x07f40000, 0x07f40000, 0x07f40200, 0x089f0000)
 compacting perm gen  total 12288K, used 1971K [0x129f0000, 0x135f0000, 0x169f0000)
   the space 12288K,  16% used [0x129f0000, 0x12bdce38, 0x12bdd000, 0x135f0000)
No shared spaces configured.

Code Cache  [0x00970000, 0x00a10000, 0x02970000)
 total_blobs=140 nmethods=19 adapters=66 free_code_cache=32158Kb largest_free_block=32930048

Dynamic libraries:
0x00400000 - 0x0042f000 	C:\Program Files\Java\jdk1.7.0_03\bin\javaw.exe
0x7c900000 - 0x7c9b2000 	C:\WINDOWS\system32\ntdll.dll
0x7c800000 - 0x7c8f6000 	C:\WINDOWS\system32\kernel32.dll
0x77dd0000 - 0x77e6b000 	C:\WINDOWS\system32\ADVAPI32.dll
0x77e70000 - 0x77f02000 	C:\WINDOWS\system32\RPCRT4.dll
0x77fe0000 - 0x77ff1000 	C:\WINDOWS\system32\Secur32.dll
0x7e410000 - 0x7e4a1000 	C:\WINDOWS\system32\USER32.dll
0x77f10000 - 0x77f59000 	C:\WINDOWS\system32\GDI32.dll
0x773d0000 - 0x774d3000 	C:\WINDOWS\WinSxS\x86_Microsoft.Windows.Common-Controls_6595b64144ccf1df_6.0.2600.5512_x-ww_35d4ce83\COMCTL32.dll
0x77c10000 - 0x77c68000 	C:\WINDOWS\system32\msvcrt.dll
0x77f60000 - 0x77fd6000 	C:\WINDOWS\system32\SHLWAPI.dll
0x78aa0000 - 0x78b5e000 	C:\Program Files\Java\jdk1.7.0_03\jre\bin\msvcr100.dll
0x6d970000 - 0x6dc98000 	C:\Program Files\Java\jdk1.7.0_03\jre\bin\client\jvm.dll
0x71ad0000 - 0x71ad9000 	C:\WINDOWS\system32\WSOCK32.dll
0x71ab0000 - 0x71ac7000 	C:\WINDOWS\system32\WS2_32.dll
0x71aa0000 - 0x71aa8000 	C:\WINDOWS\system32\WS2HELP.dll
0x76b40000 - 0x76b6d000 	C:\WINDOWS\system32\WINMM.dll
0x76bf0000 - 0x76bfb000 	C:\WINDOWS\system32\PSAPI.DLL
0x6d900000 - 0x6d90c000 	C:\Program Files\Java\jdk1.7.0_03\jre\bin\verify.dll
0x6d400000 - 0x6d420000 	C:\Program Files\Java\jdk1.7.0_03\jre\bin\java.dll
0x6d450000 - 0x6d47a000 	C:\Program Files\Java\jdk1.7.0_03\jre\bin\jdwp.dll
0x6d780000 - 0x6d787000 	C:\Program Files\Java\jdk1.7.0_03\jre\bin\npt.dll
0x6d950000 - 0x6d963000 	C:\Program Files\Java\jdk1.7.0_03\jre\bin\zip.dll
0x6d320000 - 0x6d328000 	C:\Program Files\Java\jdk1.7.0_03\jre\bin\dt_socket.dll
0x71a50000 - 0x71a8f000 	C:\WINDOWS\System32\mswsock.dll
0x76f20000 - 0x76f47000 	C:\WINDOWS\system32\DNSAPI.dll
0x76fb0000 - 0x76fb8000 	C:\WINDOWS\System32\winrnr.dll
0x76f60000 - 0x76f8c000 	C:\WINDOWS\system32\WLDAP32.dll
0x751d0000 - 0x751ee000 	C:\WINDOWS\system32\wshbth.dll
0x77920000 - 0x77a13000 	C:\WINDOWS\system32\SETUPAPI.dll
0x76fc0000 - 0x76fc6000 	C:\WINDOWS\system32\rasadhlp.dll
0x662b0000 - 0x66308000 	C:\WINDOWS\system32\hnetcfg.dll
0x71a90000 - 0x71a98000 	C:\WINDOWS\System32\wshtcpip.dll

VM Arguments:
jvm_args: -agentlib:jdwp=transport=dt_socket,suspend=y,address=localhost:4077 -Dfile.encoding=Cp1252 
java_command: LabelMaker.labelMaker
Launcher Type: SUN_STANDARD

Environment Variables:
PATH=C:\Program Files\Java\jdk1.7.0_03\jre\bin;C:/Program Files/Java/jre7/bin/client;C:/Program Files/Java/jre7/bin;C:\WINDOWS\system32;C:\WINDOWS;C:\WINDOWS\System32\Wbem;C:\Program Files\ATI Technologies\ATI.ACE\;C:\VXIPNP\WinNT\Bin;C:\JavaStuff\lejos_nxj\bin;C:\Program Files\Common Files\GenevaLogic\;C:\Program Files\GenevaLogic\Vision\XL\;C:\Program Files\Windows Imaging\;C:\Program Files\TortoiseSVN\bin
USERNAME=gareth
OS=Windows_NT
PROCESSOR_IDENTIFIER=x86 Family 6 Model 15 Stepping 6, GenuineIntel



---------------  S Y S T E M  ---------------

OS: Windows XP Build 2600 Service Pack 3

CPU:total 2 (2 cores per cpu, 1 threads per core) family 6 model 15 stepping 6, cmov, cx8, fxsr, mmx, sse, sse2, sse3, ssse3

Memory: 4k page, physical 3117604k(1588796k free), swap 4452276k(3033896k free)

vm_info: Java HotSpot(TM) Client VM (22.1-b02) for windows-x86 JRE (1.7.0_03-b05), built on Feb  3 2012 20:43:37 by "java_re" with unknown MS VC++:1600

time: Mon Feb 27 07:52:36 2012
elapsed time: 40 seconds

